Remember that you can report errors and get help in https://github.com/NicoSantangelo/sublime-gulp

07-18-2016 18:34:
/Users/vaughnwalters/Library/Application Support/Sublime Text 3/Packages/Gulp/write_tasks_to_cache.js:31
        throw ex;
        ^

ReferenceError: gulp is not defined
    at Object.<anonymous> (/Users/vaughnwalters/workspace/exercises/rba/weather/.sublime-gulp-tmp.js:2:23)
    at Module._compile (module.js:409:26)
    at Object.Module._extensions..js (module.js:416:10)
    at Module.load (module.js:343:32)
    at Function.Module._load (module.js:300:12)
    at Module.require (module.js:353:17)
    at require (internal/module.js:12:17)
    at requireGulp (/Users/vaughnwalters/Library/Application Support/Sublime Text 3/Packages/Gulp/write_tasks_to_cache.js:28:16)
    at Object.<anonymous> (/Users/vaughnwalters/Library/Application Support/Sublime Text 3/Packages/Gulp/write_tasks_to_cache.js:83:12)
    at Module._compile (module.js:409:26)


07-18-2016 18:34:
/Users/vaughnwalters/Library/Application Support/Sublime Text 3/Packages/Gulp/write_tasks_to_cache.js:31
        throw ex;
        ^

ReferenceError: gulp is not defined
    at Object.<anonymous> (/Users/vaughnwalters/workspace/exercises/rba/weather/.sublime-gulp-tmp.js:2:23)
    at Module._compile (module.js:409:26)
    at Object.Module._extensions..js (module.js:416:10)
    at Module.load (module.js:343:32)
    at Function.Module._load (module.js:300:12)
    at Module.require (module.js:353:17)
    at require (internal/module.js:12:17)
    at requireGulp (/Users/vaughnwalters/Library/Application Support/Sublime Text 3/Packages/Gulp/write_tasks_to_cache.js:28:16)
    at Object.<anonymous> (/Users/vaughnwalters/Library/Application Support/Sublime Text 3/Packages/Gulp/write_tasks_to_cache.js:83:12)
    at Module._compile (module.js:409:26)


07-18-2016 18:35:
/Users/vaughnwalters/Library/Application Support/Sublime Text 3/Packages/Gulp/write_tasks_to_cache.js:31
        throw ex;
        ^

ReferenceError: gulp is not defined
    at Object.<anonymous> (/Users/vaughnwalters/workspace/exercises/rba/weather/.sublime-gulp-tmp.js:2:23)
    at Module._compile (module.js:409:26)
    at Object.Module._extensions..js (module.js:416:10)
    at Module.load (module.js:343:32)
    at Function.Module._load (module.js:300:12)
    at Module.require (module.js:353:17)
    at require (internal/module.js:12:17)
    at requireGulp (/Users/vaughnwalters/Library/Application Support/Sublime Text 3/Packages/Gulp/write_tasks_to_cache.js:28:16)
    at Object.<anonymous> (/Users/vaughnwalters/Library/Application Support/Sublime Text 3/Packages/Gulp/write_tasks_to_cache.js:83:12)
    at Module._compile (module.js:409:26)
